<?xml version="1.0" encoding="UTF-8"?>
<!-- Generated by org.testng.reporters.JUnitXMLReporter -->
<testsuite ignored="3" hostname="LVAGPLTP6423" failures="0" tests="13" name="Test" time="0.078" errors="0" timestamp="2023-06-05T18:27:08 EEST">
  <testcase classname="Insurance.DogInsurance" name="WebLoginDogInsurance" time="0.001"/>
  <testcase classname="Insurance.DogInsurance" name="WebLogoutDogInsurance" time="0.0"/>
  <testcase classname="Insurance.LifeInsurance" name="WebLoginLifeInsurance" time="0.0"/>
  <testcase classname="Insurance.LifeInsurance" name="WebLogoutLifeInsurance" time="0.0"/>
  <testcase classname="Insurance.LifeInsurance" name="mobileLoginLifeInsurance" time="0.001"/>
  <testcase classname="Insurance.LifeInsurance" name="mobileLogoutLifeInsurance" time="0.001"/>
  <testcase classname="Insurance.VehicleInsurance" name="WebLoginVehicleInsurance" time="0.001"/>
  <testcase classname="Insurance.VehicleInsurance" name="WebLogoutVehicleInsurance" time="0.0"/>
  <testcase classname="Insurance.VehicleInsurance" name="mobileLoginVehicleInsurance" time="0.0"/>
  <testcase classname="Insurance.HomeInsurance" name="WebLoginHomeInsurance" time="0.0"/>
  <testcase classname="Insurance.HomeInsurance" name="WebLogoutHomeInsurance" time="0.0"/>
  <testcase classname="Insurance.HomeInsurance" name="mobileLoginHomeInsurance" time="0.001"/>
  <testcase classname="Insurance.HomeInsurance" name="mobileLogoutHomeInsurance" time="0.001"/>
  <testcase classname="Insurance.DogInsurance" name="mobileLogoutDogInsurance" time="0.0">
    <ignored/>
  </testcase> <!-- mobileLogoutDogInsurance -->
  <testcase classname="Insurance.VehicleInsurance" name="mobileLogoutVehicleInsurance" time="0.0">
    <ignored/>
  </testcase> <!-- mobileLogoutVehicleInsurance -->
  <testcase classname="Insurance.DogInsurance" name="mobileLoginDogInsurance" time="0.0">
    <ignored/>
  </testcase> <!-- mobileLoginDogInsurance -->
</testsuite> <!-- Test -->
